<?xml version="1.0" encoding="UTF-8"?>
<testng-results skipped="0" failed="0" ignored="0" total="13" passed="13">
  <reporter-output>
  </reporter-output>
  <suite name="AllTestsSuite" duration-ms="176851" started-at="2020-11-10T22:46:01Z" finished-at="2020-11-10T22:48:57Z">
    <groups>
    </groups>
    <test name="Test" duration-ms="176851" started-at="2020-11-10T22:46:01Z" finished-at="2020-11-10T22:48:57Z">
      <class name="com.automationpractice.signuptests.NegativeLogInTests">
        <test-method status="PASS" signature="setUp(java.lang.String, org.testng.ITestContext, java.lang.reflect.Method)[pri:0, instance:com.automationpractice.signuptests.NegativeLogInTests@57855c9a]" name="setUp" is-config="true" duration-ms="1100" started-at="2020-11-10T22:46:01Z" finished-at="2020-11-10T22:46:02Z">
          <params>
            <param index="0">
              <value>
                <![CDATA[chrome]]>
              </value>
            </param>
            <param index="1">
              <value>
                <![CDATA[org.testng.TestRunner@445265b0]]>
              </value>
            </param>
            <param index="2">
              <value>
                <![CDATA[public void com.automationpractice.signuptests.NegativeLogInTests.negativeLogInTest(java.util.Map)]]>
              </value>
            </param>
          </params>
          <reporter-output>
          </reporter-output>
        </test-method> <!-- setUp -->
        <test-method status="PASS" signature="negativeLogInTest(java.util.Map)[pri:0, instance:com.automationpractice.signuptests.NegativeLogInTests@57855c9a]" name="negativeLogInTest" duration-ms="12685" started-at="2020-11-10T22:46:02Z" data-provider="csvReader" finished-at="2020-11-10T22:46:15Z">
          <params>
            <param index="0">
              <value>
                <![CDATA[{no=1, description=incorrect username + correct password, password=ronsmith, email=rrronsmith@mail.com, expectedMessage=Authentication failed.}]]>
              </value>
            </param>
          </params>
          <reporter-output>
          </reporter-output>
        </test-method> <!-- negativeLogInTest -->
        <test-method status="PASS" signature="tearDown()[pri:0, instance:com.automationpractice.signuptests.NegativeLogInTests@57855c9a]" name="tearDown" is-config="true" duration-ms="62" started-at="2020-11-10T22:46:15Z" finished-at="2020-11-10T22:46:15Z">
          <reporter-output>
          </reporter-output>
        </test-method> <!-- tearDown -->
        <test-method status="PASS" signature="setUp(java.lang.String, org.testng.ITestContext, java.lang.reflect.Method)[pri:0, instance:com.automationpractice.signuptests.NegativeLogInTests@57855c9a]" name="setUp" is-config="true" duration-ms="728" started-at="2020-11-10T22:46:15Z" finished-at="2020-11-10T22:46:15Z">
          <params>
            <param index="0">
              <value>
                <![CDATA[chrome]]>
              </value>
            </param>
            <param index="1">
              <value>
                <![CDATA[org.testng.TestRunner@445265b0]]>
              </value>
            </param>
            <param index="2">
              <value>
                <![CDATA[public void com.automationpractice.signuptests.NegativeLogInTests.negativeLogInTest(java.util.Map)]]>
              </value>
            </param>
          </params>
          <reporter-output>
          </reporter-output>
        </test-method> <!-- setUp -->
        <test-method status="PASS" signature="negativeLogInTest(java.util.Map)[pri:0, instance:com.automationpractice.signuptests.NegativeLogInTests@57855c9a]" name="negativeLogInTest" duration-ms="8011" started-at="2020-11-10T22:46:15Z" data-provider="csvReader" finished-at="2020-11-10T22:46:23Z">
          <params>
            <param index="0">
              <value>
                <![CDATA[{no=2, description=incorect password + correct username, password=rrronsmith, email=ronsmith@mail.com, expectedMessage=Authentication failed.}]]>
              </value>
            </param>
          </params>
          <reporter-output>
          </reporter-output>
        </test-method> <!-- negativeLogInTest -->
        <test-method status="PASS" signature="tearDown()[pri:0, instance:com.automationpractice.signuptests.NegativeLogInTests@57855c9a]" name="tearDown" is-config="true" duration-ms="70" started-at="2020-11-10T22:46:23Z" finished-at="2020-11-10T22:46:24Z">
          <reporter-output>
          </reporter-output>
        </test-method> <!-- tearDown -->
        <test-method status="PASS" signature="setUp(java.lang.String, org.testng.ITestContext, java.lang.reflect.Method)[pri:0, instance:com.automationpractice.signuptests.NegativeLogInTests@57855c9a]" name="setUp" is-config="true" duration-ms="583" started-at="2020-11-10T22:46:24Z" finished-at="2020-11-10T22:46:24Z">
          <params>
            <param index="0">
              <value>
                <![CDATA[chrome]]>
              </value>
            </param>
            <param index="1">
              <value>
                <![CDATA[org.testng.TestRunner@445265b0]]>
              </value>
            </param>
            <param index="2">
              <value>
                <![CDATA[public void com.automationpractice.signuptests.NegativeLogInTests.negativeLogInTest(java.util.Map)]]>
              </value>
            </param>
          </params>
          <reporter-output>
          </reporter-output>
        </test-method> <!-- setUp -->
        <test-method status="PASS" signature="negativeLogInTest(java.util.Map)[pri:0, instance:com.automationpractice.signuptests.NegativeLogInTests@57855c9a]" name="negativeLogInTest" duration-ms="10784" started-at="2020-11-10T22:46:24Z" data-provider="csvReader" finished-at="2020-11-10T22:46:35Z">
          <params>
            <param index="0">
              <value>
                <![CDATA[{no=3, description=incorect username and password, password=rrronsmith, email=rrronsmith@mail.com, expectedMessage=Authentication failed.}]]>
              </value>
            </param>
          </params>
          <reporter-output>
          </reporter-output>
        </test-method> <!-- negativeLogInTest -->
        <test-method status="PASS" signature="tearDown()[pri:0, instance:com.automationpractice.signuptests.NegativeLogInTests@57855c9a]" name="tearDown" is-config="true" duration-ms="63" started-at="2020-11-10T22:46:35Z" finished-at="2020-11-10T22:46:35Z">
          <reporter-output>
          </reporter-output>
        </test-method> <!-- tearDown -->
        <test-method status="PASS" signature="setUp(java.lang.String, org.testng.ITestContext, java.lang.reflect.Method)[pri:0, instance:com.automationpractice.signuptests.NegativeLogInTests@57855c9a]" name="setUp" is-config="true" duration-ms="562" started-at="2020-11-10T22:46:35Z" finished-at="2020-11-10T22:46:36Z">
          <params>
            <param index="0">
              <value>
                <![CDATA[chrome]]>
              </value>
            </param>
            <param index="1">
              <value>
                <![CDATA[org.testng.TestRunner@445265b0]]>
              </value>
            </param>
            <param index="2">
              <value>
                <![CDATA[public void com.automationpractice.signuptests.NegativeLogInTests.negativeLogInTest(java.util.Map)]]>
              </value>
            </param>
          </params>
          <reporter-output>
          </reporter-output>
        </test-method> <!-- setUp -->
        <test-method status="PASS" signature="negativeLogInTest(java.util.Map)[pri:0, instance:com.automationpractice.signuptests.NegativeLogInTests@57855c9a]" name="negativeLogInTest" duration-ms="9375" started-at="2020-11-10T22:46:36Z" data-provider="csvReader" finished-at="2020-11-10T22:46:45Z">
          <params>
            <param index="0">
              <value>
                <![CDATA[{no=4, description=blanc username + correct password, password=ronsmith, email=, expectedMessage=An email address required.}]]>
              </value>
            </param>
          </params>
          <reporter-output>
          </reporter-output>
        </test-method> <!-- negativeLogInTest -->
        <test-method status="PASS" signature="tearDown()[pri:0, instance:com.automationpractice.signuptests.NegativeLogInTests@57855c9a]" name="tearDown" is-config="true" duration-ms="60" started-at="2020-11-10T22:46:45Z" finished-at="2020-11-10T22:46:45Z">
          <reporter-output>
          </reporter-output>
        </test-method> <!-- tearDown -->
        <test-method status="PASS" signature="setUp(java.lang.String, org.testng.ITestContext, java.lang.reflect.Method)[pri:0, instance:com.automationpractice.signuptests.NegativeLogInTests@57855c9a]" name="setUp" is-config="true" duration-ms="517" started-at="2020-11-10T22:46:45Z" finished-at="2020-11-10T22:46:45Z">
          <params>
            <param index="0">
              <value>
                <![CDATA[chrome]]>
              </value>
            </param>
            <param index="1">
              <value>
                <![CDATA[org.testng.TestRunner@445265b0]]>
              </value>
            </param>
            <param index="2">
              <value>
                <![CDATA[public void com.automationpractice.signuptests.NegativeLogInTests.negativeLogInTest(java.util.Map)]]>
              </value>
            </param>
          </params>
          <reporter-output>
          </reporter-output>
        </test-method> <!-- setUp -->
        <test-method status="PASS" signature="negativeLogInTest(java.util.Map)[pri:0, instance:com.automationpractice.signuptests.NegativeLogInTests@57855c9a]" name="negativeLogInTest" duration-ms="7631" started-at="2020-11-10T22:46:45Z" data-provider="csvReader" finished-at="2020-11-10T22:46:53Z">
          <params>
            <param index="0">
              <value>
                <![CDATA[{no=5, description=empty password  + correct username, password=, email=ronsmith@mail.com, expectedMessage=Password is required.}]]>
              </value>
            </param>
          </params>
          <reporter-output>
          </reporter-output>
        </test-method> <!-- negativeLogInTest -->
        <test-method status="PASS" signature="tearDown()[pri:0, instance:com.automationpractice.signuptests.NegativeLogInTests@57855c9a]" name="tearDown" is-config="true" duration-ms="59" started-at="2020-11-10T22:46:53Z" finished-at="2020-11-10T22:46:53Z">
          <reporter-output>
          </reporter-output>
        </test-method> <!-- tearDown -->
      </class> <!-- com.automationpractice.signuptests.NegativeLogInTests -->
      <class name="com.automationpractice.signuptests.SignUpTests">
        <test-method status="PASS" signature="setUp(java.lang.String, org.testng.ITestContext, java.lang.reflect.Method)[pri:0, instance:com.automationpractice.signuptests.SignUpTests@3b084709]" name="setUp" is-config="true" duration-ms="554" started-at="2020-11-10T22:46:53Z" finished-at="2020-11-10T22:46:54Z">
          <params>
            <param index="0">
              <value>
                <![CDATA[chrome]]>
              </value>
            </param>
            <param index="1">
              <value>
                <![CDATA[org.testng.TestRunner@445265b0]]>
              </value>
            </param>
            <param index="2">
              <value>
                <![CDATA[public void com.automationpractice.signuptests.SignUpTests.sighUp(java.lang.String,java.lang.String,java.lang.String,java.lang.String,java.lang.String,int,java.lang.String,java.lang.String,java.lang.String,java.lang.String,java.lang.String,java.lang.String)]]>
              </value>
            </param>
          </params>
          <reporter-output>
          </reporter-output>
        </test-method> <!-- setUp -->
        <test-method status="PASS" signature="sighUp(java.lang.String, java.lang.String, java.lang.String, java.lang.String, java.lang.String, int, java.lang.String, java.lang.String, java.lang.String, java.lang.String, java.lang.String, java.lang.String)[pri:0, instance:com.automationpractice.signuptests.SignUpTests@3b084709]" name="sighUp" duration-ms="11663" started-at="2020-11-10T22:46:54Z" finished-at="2020-11-10T22:47:05Z">
          <params>
            <param index="0">
              <value>
                <![CDATA[John]]>
              </value>
            </param>
            <param index="1">
              <value>
                <![CDATA[Williams]]>
              </value>
            </param>
            <param index="2">
              <value>
                <![CDATA[hhponsmith@mail.com]]>
              </value>
            </param>
            <param index="3">
              <value>
                <![CDATA[sonsmith]]>
              </value>
            </param>
            <param index="4">
              <value>
                <![CDATA[11]]>
              </value>
            </param>
            <param index="5">
              <value>
                <![CDATA[5]]>
              </value>
            </param>
            <param index="6">
              <value>
                <![CDATA[1985]]>
              </value>
            </param>
            <param index="7">
              <value>
                <![CDATA[11 Bridge str]]>
              </value>
            </param>
            <param index="8">
              <value>
                <![CDATA[Oakland]]>
              </value>
            </param>
            <param index="9">
              <value>
                <![CDATA[California]]>
              </value>
            </param>
            <param index="10">
              <value>
                <![CDATA[95874]]>
              </value>
            </param>
            <param index="11">
              <value>
                <![CDATA[9158877990]]>
              </value>
            </param>
          </params>
          <reporter-output>
          </reporter-output>
        </test-method> <!-- sighUp -->
        <test-method status="PASS" signature="tearDown()[pri:0, instance:com.automationpractice.signuptests.SignUpTests@3b084709]" name="tearDown" is-config="true" duration-ms="60" started-at="2020-11-10T22:47:05Z" finished-at="2020-11-10T22:47:05Z">
          <reporter-output>
          </reporter-output>
        </test-method> <!-- tearDown -->
      </class> <!-- com.automationpractice.signuptests.SignUpTests -->
      <class name="com.automationpractice.signuptests.ValidateItemsFromShoppingCartTest">
        <test-method status="PASS" signature="setUp(java.lang.String, org.testng.ITestContext, java.lang.reflect.Method)[pri:0, instance:com.automationpractice.signuptests.ValidateItemsFromShoppingCartTest@3224f60b]" name="setUp" is-config="true" duration-ms="477" started-at="2020-11-10T22:47:05Z" finished-at="2020-11-10T22:47:06Z">
          <params>
            <param index="0">
              <value>
                <![CDATA[chrome]]>
              </value>
            </param>
            <param index="1">
              <value>
                <![CDATA[org.testng.TestRunner@445265b0]]>
              </value>
            </param>
            <param index="2">
              <value>
                <![CDATA[public void com.automationpractice.signuptests.ValidateItemsFromShoppingCartTest.validateItemsFromShoppingCartTest(java.util.Map)]]>
              </value>
            </param>
          </params>
          <reporter-output>
          </reporter-output>
        </test-method> <!-- setUp -->
        <test-method status="PASS" signature="validateItemsFromShoppingCartTest(java.util.Map)[pri:0, instance:com.automationpractice.signuptests.ValidateItemsFromShoppingCartTest@3224f60b]" name="validateItemsFromShoppingCartTest" duration-ms="15092" started-at="2020-11-10T22:47:06Z" data-provider="csvReader" finished-at="2020-11-10T22:47:21Z">
          <params>
            <param index="0">
              <value>
                <![CDATA[{no=1, password=pomsmith, quantity=2, color=blue, size=medium, itemIndex=0, email=pomsmith@mail.com}]]>
              </value>
            </param>
          </params>
          <reporter-output>
          </reporter-output>
        </test-method> <!-- validateItemsFromShoppingCartTest -->
        <test-method status="PASS" signature="tearDown()[pri:0, instance:com.automationpractice.signuptests.ValidateItemsFromShoppingCartTest@3224f60b]" name="tearDown" is-config="true" duration-ms="58" started-at="2020-11-10T22:47:21Z" finished-at="2020-11-10T22:47:21Z">
          <reporter-output>
          </reporter-output>
        </test-method> <!-- tearDown -->
        <test-method status="PASS" signature="setUp(java.lang.String, org.testng.ITestContext, java.lang.reflect.Method)[pri:0, instance:com.automationpractice.signuptests.ValidateItemsFromShoppingCartTest@3224f60b]" name="setUp" is-config="true" duration-ms="475" started-at="2020-11-10T22:47:21Z" finished-at="2020-11-10T22:47:22Z">
          <params>
            <param index="0">
              <value>
                <![CDATA[chrome]]>
              </value>
            </param>
            <param index="1">
              <value>
                <![CDATA[org.testng.TestRunner@445265b0]]>
              </value>
            </param>
            <param index="2">
              <value>
                <![CDATA[public void com.automationpractice.signuptests.ValidateItemsFromShoppingCartTest.validateItemsFromShoppingCartTest(java.util.Map)]]>
              </value>
            </param>
          </params>
          <reporter-output>
          </reporter-output>
        </test-method> <!-- setUp -->
        <test-method status="PASS" signature="validateItemsFromShoppingCartTest(java.util.Map)[pri:0, instance:com.automationpractice.signuptests.ValidateItemsFromShoppingCartTest@3224f60b]" name="validateItemsFromShoppingCartTest" duration-ms="13834" started-at="2020-11-10T22:47:22Z" data-provider="csvReader" finished-at="2020-11-10T22:47:35Z">
          <params>
            <param index="0">
              <value>
                <![CDATA[{no=2, password=pomsmith, quantity=1, color=white, size=large, itemIndex=1, email=pomsmith@mail.com}]]>
              </value>
            </param>
          </params>
          <reporter-output>
          </reporter-output>
        </test-method> <!-- validateItemsFromShoppingCartTest -->
        <test-method status="PASS" signature="tearDown()[pri:0, instance:com.automationpractice.signuptests.ValidateItemsFromShoppingCartTest@3224f60b]" name="tearDown" is-config="true" duration-ms="61" started-at="2020-11-10T22:47:35Z" finished-at="2020-11-10T22:47:35Z">
          <reporter-output>
          </reporter-output>
        </test-method> <!-- tearDown -->
        <test-method status="PASS" signature="setUp(java.lang.String, org.testng.ITestContext, java.lang.reflect.Method)[pri:0, instance:com.automationpractice.signuptests.ValidateItemsFromShoppingCartTest@3224f60b]" name="setUp" is-config="true" duration-ms="521" started-at="2020-11-10T22:47:35Z" finished-at="2020-11-10T22:47:36Z">
          <params>
            <param index="0">
              <value>
                <![CDATA[chrome]]>
              </value>
            </param>
            <param index="1">
              <value>
                <![CDATA[org.testng.TestRunner@445265b0]]>
              </value>
            </param>
            <param index="2">
              <value>
                <![CDATA[public void com.automationpractice.signuptests.ValidateItemsFromShoppingCartTest.validateItemsFromShoppingCartTest(java.util.Map)]]>
              </value>
            </param>
          </params>
          <reporter-output>
          </reporter-output>
        </test-method> <!-- setUp -->
        <test-method status="PASS" signature="validateItemsFromShoppingCartTest(java.util.Map)[pri:0, instance:com.automationpractice.signuptests.ValidateItemsFromShoppingCartTest@3224f60b]" name="validateItemsFromShoppingCartTest" duration-ms="15836" started-at="2020-11-10T22:47:36Z" data-provider="csvReader" finished-at="2020-11-10T22:47:52Z">
          <params>
            <param index="0">
              <value>
                <![CDATA[{no=3, password=pomsmith, quantity=3, color=red, size=small, itemIndex=2, email=pomsmith@mail.com}]]>
              </value>
            </param>
          </params>
          <reporter-output>
          </reporter-output>
        </test-method> <!-- validateItemsFromShoppingCartTest -->
        <test-method status="PASS" signature="tearDown()[pri:0, instance:com.automationpractice.signuptests.ValidateItemsFromShoppingCartTest@3224f60b]" name="tearDown" is-config="true" duration-ms="59" started-at="2020-11-10T22:47:52Z" finished-at="2020-11-10T22:47:52Z">
          <reporter-output>
          </reporter-output>
        </test-method> <!-- tearDown -->
        <test-method status="PASS" signature="setUp(java.lang.String, org.testng.ITestContext, java.lang.reflect.Method)[pri:0, instance:com.automationpractice.signuptests.ValidateItemsFromShoppingCartTest@3224f60b]" name="setUp" is-config="true" duration-ms="715" started-at="2020-11-10T22:47:52Z" finished-at="2020-11-10T22:47:53Z">
          <params>
            <param index="0">
              <value>
                <![CDATA[chrome]]>
              </value>
            </param>
            <param index="1">
              <value>
                <![CDATA[org.testng.TestRunner@445265b0]]>
              </value>
            </param>
            <param index="2">
              <value>
                <![CDATA[public void com.automationpractice.signuptests.ValidateItemsFromShoppingCartTest.validateItemsFromShoppingCartTest(java.util.Map)]]>
              </value>
            </param>
          </params>
          <reporter-output>
          </reporter-output>
        </test-method> <!-- setUp -->
        <test-method status="PASS" signature="validateItemsFromShoppingCartTest(java.util.Map)[pri:0, instance:com.automationpractice.signuptests.ValidateItemsFromShoppingCartTest@3224f60b]" name="validateItemsFromShoppingCartTest" duration-ms="14582" started-at="2020-11-10T22:47:53Z" data-provider="csvReader" finished-at="2020-11-10T22:48:07Z">
          <params>
            <param index="0">
              <value>
                <![CDATA[{no=4, password=pomsmith, quantity=2, color=pink, size=medium, itemIndex=3, email=pomsmith@mail.com}]]>
              </value>
            </param>
          </params>
          <reporter-output>
          </reporter-output>
        </test-method> <!-- validateItemsFromShoppingCartTest -->
        <test-method status="PASS" signature="tearDown()[pri:0, instance:com.automationpractice.signuptests.ValidateItemsFromShoppingCartTest@3224f60b]" name="tearDown" is-config="true" duration-ms="58" started-at="2020-11-10T22:48:07Z" finished-at="2020-11-10T22:48:07Z">
          <reporter-output>
          </reporter-output>
        </test-method> <!-- tearDown -->
        <test-method status="PASS" signature="setUp(java.lang.String, org.testng.ITestContext, java.lang.reflect.Method)[pri:0, instance:com.automationpractice.signuptests.ValidateItemsFromShoppingCartTest@3224f60b]" name="setUp" is-config="true" duration-ms="469" started-at="2020-11-10T22:48:07Z" finished-at="2020-11-10T22:48:08Z">
          <params>
            <param index="0">
              <value>
                <![CDATA[chrome]]>
              </value>
            </param>
            <param index="1">
              <value>
                <![CDATA[org.testng.TestRunner@445265b0]]>
              </value>
            </param>
            <param index="2">
              <value>
                <![CDATA[public void com.automationpractice.signuptests.ValidateItemsFromShoppingCartTest.validateItemsFromShoppingCartTest(java.util.Map)]]>
              </value>
            </param>
          </params>
          <reporter-output>
          </reporter-output>
        </test-method> <!-- setUp -->
        <test-method status="PASS" signature="validateItemsFromShoppingCartTest(java.util.Map)[pri:0, instance:com.automationpractice.signuptests.ValidateItemsFromShoppingCartTest@3224f60b]" name="validateItemsFromShoppingCartTest" duration-ms="16100" started-at="2020-11-10T22:48:08Z" data-provider="csvReader" finished-at="2020-11-10T22:48:24Z">
          <params>
            <param index="0">
              <value>
                <![CDATA[{no=5, password=pomsmith, quantity=1, color=orange, size=large, itemIndex=4, email=pomsmith@mail.com}]]>
              </value>
            </param>
          </params>
          <reporter-output>
          </reporter-output>
        </test-method> <!-- validateItemsFromShoppingCartTest -->
        <test-method status="PASS" signature="tearDown()[pri:0, instance:com.automationpractice.signuptests.ValidateItemsFromShoppingCartTest@3224f60b]" name="tearDown" is-config="true" duration-ms="57" started-at="2020-11-10T22:48:24Z" finished-at="2020-11-10T22:48:24Z">
          <reporter-output>
          </reporter-output>
        </test-method> <!-- tearDown -->
        <test-method status="PASS" signature="setUp(java.lang.String, org.testng.ITestContext, java.lang.reflect.Method)[pri:0, instance:com.automationpractice.signuptests.ValidateItemsFromShoppingCartTest@3224f60b]" name="setUp" is-config="true" duration-ms="484" started-at="2020-11-10T22:48:24Z" finished-at="2020-11-10T22:48:24Z">
          <params>
            <param index="0">
              <value>
                <![CDATA[chrome]]>
              </value>
            </param>
            <param index="1">
              <value>
                <![CDATA[org.testng.TestRunner@445265b0]]>
              </value>
            </param>
            <param index="2">
              <value>
                <![CDATA[public void com.automationpractice.signuptests.ValidateItemsFromShoppingCartTest.validateItemsFromShoppingCartTest(java.util.Map)]]>
              </value>
            </param>
          </params>
          <reporter-output>
          </reporter-output>
        </test-method> <!-- setUp -->
        <test-method status="PASS" signature="validateItemsFromShoppingCartTest(java.util.Map)[pri:0, instance:com.automationpractice.signuptests.ValidateItemsFromShoppingCartTest@3224f60b]" name="validateItemsFromShoppingCartTest" duration-ms="16992" started-at="2020-11-10T22:48:24Z" data-provider="csvReader" finished-at="2020-11-10T22:48:41Z">
          <params>
            <param index="0">
              <value>
                <![CDATA[{no=6, password=pomsmith, quantity=2, color=white, size=small, itemIndex=5, email=pomsmith@mail.com}]]>
              </value>
            </param>
          </params>
          <reporter-output>
          </reporter-output>
        </test-method> <!-- validateItemsFromShoppingCartTest -->
        <test-method status="PASS" signature="tearDown()[pri:0, instance:com.automationpractice.signuptests.ValidateItemsFromShoppingCartTest@3224f60b]" name="tearDown" is-config="true" duration-ms="81" started-at="2020-11-10T22:48:41Z" finished-at="2020-11-10T22:48:41Z">
          <reporter-output>
          </reporter-output>
        </test-method> <!-- tearDown -->
        <test-method status="PASS" signature="setUp(java.lang.String, org.testng.ITestContext, java.lang.reflect.Method)[pri:0, instance:com.automationpractice.signuptests.ValidateItemsFromShoppingCartTest@3224f60b]" name="setUp" is-config="true" duration-ms="1059" started-at="2020-11-10T22:48:41Z" finished-at="2020-11-10T22:48:42Z">
          <params>
            <param index="0">
              <value>
                <![CDATA[chrome]]>
              </value>
            </param>
            <param index="1">
              <value>
                <![CDATA[org.testng.TestRunner@445265b0]]>
              </value>
            </param>
            <param index="2">
              <value>
                <![CDATA[public void com.automationpractice.signuptests.ValidateItemsFromShoppingCartTest.validateItemsFromShoppingCartTest(java.util.Map)]]>
              </value>
            </param>
          </params>
          <reporter-output>
          </reporter-output>
        </test-method> <!-- setUp -->
        <test-method status="PASS" signature="validateItemsFromShoppingCartTest(java.util.Map)[pri:0, instance:com.automationpractice.signuptests.ValidateItemsFromShoppingCartTest@3224f60b]" name="validateItemsFromShoppingCartTest" duration-ms="14848" started-at="2020-11-10T22:48:42Z" data-provider="csvReader" finished-at="2020-11-10T22:48:57Z">
          <params>
            <param index="0">
              <value>
                <![CDATA[{no=7, password=pomsmith, quantity=3, color=green, size=medium, itemIndex=6, email=pomsmith@mail.com}]]>
              </value>
            </param>
          </params>
          <reporter-output>
          </reporter-output>
        </test-method> <!-- validateItemsFromShoppingCartTest -->
        <test-method status="PASS" signature="tearDown()[pri:0, instance:com.automationpractice.signuptests.ValidateItemsFromShoppingCartTest@3224f60b]" name="tearDown" is-config="true" duration-ms="58" started-at="2020-11-10T22:48:57Z" finished-at="2020-11-10T22:48:57Z">
          <reporter-output>
          </reporter-output>
        </test-method> <!-- tearDown -->
      </class> <!-- com.automationpractice.signuptests.ValidateItemsFromShoppingCartTest -->
    </test> <!-- Test -->
  </suite> <!-- AllTestsSuite -->
</testng-results>
